  glad.c
  ComputeShader.cpp
  GameTimer.cpp
  Keyboard.cpp
  Matrix2.cpp
  Matrix3.cpp
  Matrix4.cpp
  Mesh.cpp
D:\MSc Deploy\nclgl\Mesh.cpp(378,12): error C2039: 'GetVertexIndicesForTri': is not a member of 'Mesh'
D:\MSc Deploy\nclgl\Mesh.h(42): message : see declaration of 'Mesh'
D:\MSc Deploy\nclgl\Mesh.cpp(378,108): error C2270: 'GetVertexIndicesForTri': modifiers not allowed on nonmember functions
D:\MSc Deploy\nclgl\Mesh.cpp(379,26): error C3861: 'GetTriCount': identifier not found
D:\MSc Deploy\nclgl\Mesh.cpp(384,6): error C2065: 'numIndices': undeclared identifier
D:\MSc Deploy\nclgl\Mesh.cpp(385,7): error C2065: 'indices': undeclared identifier
D:\MSc Deploy\nclgl\Mesh.cpp(386,7): error C2065: 'indices': undeclared identifier
D:\MSc Deploy\nclgl\Mesh.cpp(387,7): error C2065: 'indices': undeclared identifier
  MeshAnimation.cpp
  MeshMaterial.cpp
  Mouse.cpp
  OGLRenderer.cpp
  Quaternion.cpp
  Shader.cpp
  Window.cpp
  Generating Code...
